# JRE version: Java(TM) SE Runtime Environment (9.0+11) (build 9.0.4+11)
# Java VM: Java HotSpot(TM) 64-Bit Server VM (9.0.4+11, mixed mode, tiered, compressed oops, g1 gc, windows-amd64)
Heap:
 garbage-first heap   total 260096K, used 95171K [0x00000006c3a00000, 0x00000006c3b007f0, 0x00000007c0000000)
  region size 1024K, 93 young (95232K), 1 survivors (1024K)
 Metaspace       used 8111K, capacity 8496K, committed 8576K, reserved 1056768K
  class space    used 740K, capacity 820K, committed 896K, reserved 1048576K
GC Heap History (10 events):
Event: 50.234 GC heap before
{Heap before GC invocations=12 (full 0):
 garbage-first heap   total 260096K, used 155562K [0x00000006c3a00000, 0x00000006c3b007f0, 0x00000007c0000000)
  region size 1024K, 152 young (155648K), 2 survivors (2048K)
 Metaspace       used 8109K, capacity 8496K, committed 8576K, reserved 1056768K
  class space    used 739K, capacity 820K, committed 896K, reserved 1048576K
}
Event: 50.236 GC heap after
{Heap after GC invocations=13 (full 0):
 garbage-first heap   total 260096K, used 1967K [0x00000006c3a00000, 0x00000006c3b007f0, 0x00000007c0000000)
  region size 1024K, 2 young (2048K), 2 survivors (2048K)
 Metaspace       used 8109K, capacity 8496K, committed 8576K, reserved 1056768K
  class space    used 739K, capacity 820K, committed 896K, reserved 1048576K
}
Event: 54.469 GC heap before
{Heap before GC invocations=13 (full 0):
 garbage-first heap   total 260096K, used 155567K [0x00000006c3a00000, 0x00000006c3b007f0, 0x00000007c0000000)
  region size 1024K, 152 young (155648K), 2 survivors (2048K)
 Metaspace       used 8109K, capacity 8496K, committed 8576K, reserved 1056768K
  class space    used 739K, capacity 820K, committed 896K, reserved 1048576K
}
Event: 54.471 GC heap after
{Heap after GC invocations=14 (full 0):
 garbage-first heap   total 260096K, used 1998K [0x00000006c3a00000, 0x00000006c3b007f0, 0x00000007c0000000)
  region size 1024K, 2 young (2048K), 2 survivors (2048K)
 Metaspace       used 8109K, capacity 8496K, committed 8576K, reserved 1056768K
  class space    used 739K, capacity 820K, committed 896K, reserved 1048576K
}
Event: 58.719 GC heap before
{Heap before GC invocations=14 (full 0):
 garbage-first heap   total 260096K, used 155598K [0x00000006c3a00000, 0x00000006c3b007f0, 0x00000007c0000000)
  region size 1024K, 152 young (155648K), 2 survivors (2048K)
 Metaspace       used 8109K, capacity 8496K, committed 8576K, reserved 1056768K
  class space    used 739K, capacity 820K, committed 896K, reserved 1048576K
}
Event: 58.720 GC heap after
{Heap after GC invocations=15 (full 0):
 garbage-first heap   total 260096K, used 2007K [0x00000006c3a00000, 0x00000006c3b007f0, 0x00000007c0000000)
  region size 1024K, 2 young (2048K), 2 survivors (2048K)
 Metaspace       used 8109K, capacity 8496K, committed 8576K, reserved 1056768K
  class space    used 739K, capacity 820K, committed 896K, reserved 1048576K
}
Event: 62.939 GC heap before
{Heap before GC invocations=15 (full 0):
 garbage-first heap   total 260096K, used 155607K [0x00000006c3a00000, 0x00000006c3b007f0, 0x00000007c0000000)
  region size 1024K, 152 young (155648K), 2 survivors (2048K)
 Metaspace       used 8109K, capacity 8496K, committed 8576K, reserved 1056768K
  class space    used 739K, capacity 820K, committed 896K, reserved 1048576K
}
Event: 62.941 GC heap after
{Heap after GC invocations=16 (full 0):
 garbage-first heap   total 260096K, used 1983K [0x00000006c3a00000, 0x00000006c3b007f0, 0x00000007c0000000)
  region size 1024K, 1 young (1024K), 1 survivors (1024K)
 Metaspace       used 8109K, capacity 8496K, committed 8576K, reserved 1056768K
  class space    used 739K, capacity 820K, committed 896K, reserved 1048576K
}
Event: 67.371 GC heap before
{Heap before GC invocations=16 (full 0):
 garbage-first heap   total 260096K, used 156607K [0x00000006c3a00000, 0x00000006c3b007f0, 0x00000007c0000000)
  region size 1024K, 152 young (155648K), 1 survivors (1024K)
 Metaspace       used 8109K, capacity 8496K, committed 8576K, reserved 1056768K
  class space    used 739K, capacity 820K, committed 896K, reserved 1048576K
}
Event: 67.372 GC heap after
{Heap after GC invocations=17 (full 0):
 garbage-first heap   total 260096K, used 1987K [0x00000006c3a00000, 0x00000006c3b007f0, 0x00000007c0000000)
  region size 1024K, 1 young (1024K), 1 survivors (1024K)
 Metaspace       used 8109K, capacity 8496K, committed 8576K, reserved 1056768K
  class space    used 739K, capacity 820K, committed 896K, reserved 1048576K
}

